<?xml version="1.0" encoding="UTF-8"?>
<testng-results skipped="0" failed="0" ignored="0" total="1" passed="1">
  <reporter-output>
  </reporter-output>
  <suite name="Default suite" duration-ms="389" started-at="2021-05-19T18:55:40Z" finished-at="2021-05-19T18:55:40Z">
    <groups>
    </groups>
    <test name="Default test" duration-ms="389" started-at="2021-05-19T18:55:40Z" finished-at="2021-05-19T18:55:40Z">
      <class name="com.weekend.task.GetDataExcel_PassTo_Class">
        <test-method status="PASS" signature="testGetDataMethod()[pri:0, instance:com.weekend.task.GetDataExcel_PassTo_Class@371a67ec]" name="testGetDataMethod" duration-ms="374" started-at="2021-05-19T18:55:40Z" finished-at="2021-05-19T18:55:40Z">
          <reporter-output>
          </reporter-output>
        </test-method> <!-- testGetDataMethod -->
      </class> <!-- com.weekend.task.GetDataExcel_PassTo_Class -->
    </test> <!-- Default test -->
  </suite> <!-- Default suite -->
</testng-results>
